1 0 112.461	0.968465
2 0 5.11042	2.46982
3 0 52.275	1.00511
4 0 36.7286	1.622
5 0 36.1496	2.06816
6 0 39.7565	2.24385
7 0 42.7494	2.43079
8 0 45.7293	2.49982
9 0 34.0459	2.45598
10 0 54.9355	1.6188
11 0 35.5969	2.25056
12 0 39.6785	2.02043
13 0 44.6636	1.80669
14 0 54.0903	1.61123
15 0 23.1291	1.08197
16 0 20.2249	0.809938
17 0 61.4675	0.586195
18 0 94.0856	0.350892
19 0 150.068	0.380789
20 0 42.8789	0.286575
21 0 50.856	0.277218
22 0 172.405	0.0756637
23 0 -77.4712	0.0921954
24 0 -113.356	0.239635
25 0 -121.201	0.41503
26 0 139.764	0.255441
27 0 -141.843	0.267067
28 0 -121.759	0.123491
29 0 145.784	0.151162
30 0 83.991	0.0955249
31 0 35.9097	0.179025
32 0 1.33222	0.215058
33 0 -51.953	0.146031
34 0 -25.3462	0.210238
35 0 -72.2553	0.131244
36 0 -34.5923	0.176139
37 0 -16.6992	0.261008
38 0 6.84277	0.251794
39 0 55.6197	0.115109
40 0 149.826	0.248697
41 0 120.964	0.320702
42 0 125.882	0.290043
43 0 131.987	0.269072
44 0 30.1601	0.427931
45 0 38.8845	0.597369
46 0 20.0136	0.803523
47 0 40.0766	0.947484
48 0 34.2737	0.816838
49 0 26.3814	0.697657
50 0 47.925	0.485
51 0 56.7847	0.502021
52 0 26.2948	0.474052
53 0 43.1283	0.541225
54 0 44.7582	0.837929
55 0 45.5355	1.13496
56 0 36.3136	1.03005
57 0 38.1987	0.388104
58 0 15.6422	0.389423
59 0 24.5277	0.566083
60 0 34.1285	0.543622
61 0 43.8767	0.541041
62 0 37.4989	1.00206
63 0 37.1003	0.746006
64 0 63.0478	0.661891
65 0 64.0466	0.628371
66 0 39.2646	0.813711
67 0 25.1593	1.09377
68 0 46.3447	0.753276
69 0 44.1697	1.46386
70 0 70.5359	1.32046
71 0 54.7545	1.4816
72 0 51.0275	1.14477
73 0 44.2559	0.816777
74 0 38.7791	0.750417
75 0 48.2809	1.11198
76 0 43.1785	1.00106
77 0 54.7667	0.875357
78 0 46.0267	0.986572
79 0 39.0194	1.11979
80 0 23.0089	1.18964
81 0 43.172	1.33004
82 0 69.6236	0.746726
83 0 32.1197	1.06265
84 0 26.441	1.03307
85 0 20.3915	1.01885
86 0 14.1696	1.04169
87 0 26.8249	0.986116
88 0 40.1469	0.75223
89 0 -48.1548	0.449694
90 0 -83.1572	0.125897
91 0 162.525	0.283064
92 0 144.345	0.283064
93 0 180	0.225
94 0 164.181	0.311809
95 0 74.4759	0.467039
96 0 49.0283	0.251645
97 0 -17.1985	0.219829
98 0 -2.41103	0.475421
99 0 -9.30994	0.618142
100 0 -29.3578	0.275363
101 0 178.546	0.985317
102 0 -179.397	0.950053
103 0 -176.872	0.916365
104 0 -155.624	0.351319
105 0 -167.651	0.865014
106 0 -149.718	0.793237
107 0 -175.486	0.571774
108 0 -176.04	0.651556
109 0 -176.082	0.73171
110 0 69.1932	0.267442
111 0 78.3664	0.347131
112 0 33.1785	0.621289
113 0 72.4744	0.498121
114 0 49.1849	0.290689
115 0 -8.47114	0.237592
116 0 56.9151	0.393859
117 0 43.5679	0.282931
118 0 28.6476	0.615325
119 0 14.5438	1.09509
120 0 38.6598	0.672328
121 0 91.0051	0.570088
122 0 22.5206	0.66577
123 0 30.6255	0.726309
124 0 42.5104	0.651153
125 0 38.3952	0.33812
126 0 51.7098	0.363112
127 0 62.5009	0.411491
128 0 84.7529	0.492062
129 0 62.796	0.60154
130 0 55.5973	0.557517
131 0 87.9546	0.700446
132 0 89.1385	0.665075
133 0 90	0.63
134 0 108.229	0.879119
135 0 106.239	0.5364
136 0 97.4959	0.574913
137 0 110.152	0.580539
138 0 106.133	0.629802
139 0 102.711	0.681707
140 0 103.925	0.623318
141 0 64.1556	0.711126
142 0 65.7387	1.16817
143 0 54.2461	0.770146
144 0 60.3169	0.575522
135,0.11,0,1